<?xml version="1.0" encoding="UTF-8"?>
<testng-results ignored="0" total="1" passed="1" failed="0" skipped="0">
  <reporter-output>
  </reporter-output>
  <suite started-at="2021-07-02T16:47:55 IST" name="Default suite" finished-at="2021-07-02T16:48:03 IST" duration-ms="7450">
    <groups>
      <group name="cucumber">
        <method signature="AbstractTestNGCucumberTests.runScenario(io.cucumber.testng.PickleWrapper,io.cucumber.testng.FeatureWrapper)[pri:0, instance:runner.runnerClass@470734c3]" name="runScenario" class="io.cucumber.testng.AbstractTestNGCucumberTests"/>
      </group> <!-- cucumber -->
    </groups>
    <test started-at="2021-07-02T16:47:55 IST" name="Default test" finished-at="2021-07-02T16:48:03 IST" duration-ms="7450">
      <class name="runner.runnerClass">
        <test-method is-config="true" signature="setUpClass()[pri:0, instance:runner.runnerClass@470734c3]" started-at="2021-07-02T16:47:55 IST" name="setUpClass" finished-at="2021-07-02T16:47:56 IST" duration-ms="601" status="PASS">
          <reporter-output>
          </reporter-output>
        </test-method> <!-- setUpClass -->
        <test-method signature="runScenario(io.cucumber.testng.PickleWrapper,io.cucumber.testng.FeatureWrapper)[pri:0, instance:runner.runnerClass@470734c3]" started-at="2021-07-02T16:47:56 IST" name="runScenario" description="Runs Cucumber Scenarios" data-provider="scenarios" finished-at="2021-07-02T16:48:02 IST" duration-ms="6631" status="PASS">
          <params>
            <param index="0">
              <value>
                <![CDATA["Verify the Login page"]]>
              </value>
            </param>
            <param index="1">
              <value>
                <![CDATA["Optional[Functionality of the Login Page]"]]>
              </value>
            </param>
          </params>
          <reporter-output>
          </reporter-output>
        </test-method> <!-- runScenario -->
        <test-method is-config="true" signature="tearDownClass()[pri:0, instance:runner.runnerClass@470734c3]" started-at="2021-07-02T16:48:03 IST" name="tearDownClass" finished-at="2021-07-02T16:48:03 IST" duration-ms="88" status="PASS">
          <reporter-output>
          </reporter-output>
        </test-method> <!-- tearDownClass -->
      </class> <!-- runner.runnerClass -->
    </test> <!-- Default test -->
  </suite> <!-- Default suite -->
</testng-results>
